2026-07-07 12:59:41 | INFO | ML | === RUN START ===
2026-07-07 12:59:41 | INFO | ML | project=ML
2026-07-07 12:59:41 | INFO | ML | repo_dir=ml-02-features
2026-07-07 12:59:41 | INFO | ML | python=3.14.5
2026-07-07 12:59:41 | INFO | ML | os=Darwin 20.6.0
2026-07-07 12:59:41 | INFO | ML | shell=zsh
2026-07-07 12:59:41 | INFO | ML | cwd=.
2026-07-07 12:59:41 | INFO | ML | github_actions=False
2026-07-07 12:59:41 | INFO | ML | === RUN START ===
2026-07-07 12:59:41 | INFO | ML | project=ML
2026-07-07 12:59:41 | INFO | ML | repo_dir=ml-02-features
2026-07-07 12:59:41 | INFO | ML | python=3.14.5
2026-07-07 12:59:41 | INFO | ML | os=Darwin 20.6.0
2026-07-07 12:59:41 | INFO | ML | shell=zsh
2026-07-07 12:59:41 | INFO | ML | cwd=.
2026-07-07 12:59:41 | INFO | ML | github_actions=False
2026-07-07 12:59:41 | INFO | ML | ========================
2026-07-07 12:59:41 | INFO | ML | START main()
2026-07-07 12:59:41 | INFO | ML | ========================
2026-07-07 12:59:41 | INFO | ML | Load dataset..............
2026-07-07 12:59:41 | INFO | ML | Loading dataset: hours_scores_case
2026-07-07 12:59:41 | INFO | ML | Loaded: 10 rows, 6 columns
2026-07-07 12:59:41 | DEBUG | ML | 
   hours_studied  practice_quizzes  attendance_pct  sleep_hours  prior_score  score
0            2.0                 1              72          6.0           58     62
1            3.5                 2              80          6.5           61     68
2            4.0                 3              85          7.0           64     72
3            5.0                 3              88          7.5           66     76
4            6.0                 4              90          7.0           70     81
2026-07-07 12:59:41 | INFO | ML | Inspect dataset...........
2026-07-07 12:59:41 | INFO | ML | Column names
2026-07-07 12:59:41 | DEBUG | ML | ['hours_studied', 'practice_quizzes', 'attendance_pct', 'sleep_hours', 'prior_score', 'score']
2026-07-07 12:59:41 | INFO | ML | DataFrame info
2026-07-07 12:59:41 | INFO | ML | Dataset shape: 10 rows, 6 columns
2026-07-07 12:59:41 | INFO | ML | Check data quality........
2026-07-07 12:59:41 | INFO | ML | Missing values by column
2026-07-07 12:59:41 | DEBUG | ML | 
hours_studied       0
practice_quizzes    0
attendance_pct      0
sleep_hours         0
prior_score         0
score               0
dtype: int64
2026-07-07 12:59:41 | INFO | ML | Duplicate row count: 0
2026-07-07 12:59:41 | INFO | ML | Create clean view.........
2026-07-07 12:59:41 | INFO | ML | Creating clean modeling view
2026-07-07 12:59:41 | INFO | ML | Clean view: 10 rows, 6 columns
2026-07-07 12:59:41 | INFO | ML | Train supervised model....
2026-07-07 12:59:41 | INFO | ML | Training LinearRegression model
2026-07-07 12:59:42 | INFO | ML | Mean absolute error: 0.48
2026-07-07 12:59:42 | INFO | ML | R-squared: 1.00
2026-07-07 12:59:42 | INFO | ML | Predict one case..........
2026-07-07 12:59:42 | INFO | ML | Predicting one new case
2026-07-07 12:59:42 | INFO | ML | New case:
   hours_studied  practice_quizzes  attendance_pct  sleep_hours  prior_score
0            6.5                 4              92          7.0           72
2026-07-07 12:59:42 | INFO | ML | Predicted score: 83.4
2026-07-07 12:59:42 | INFO | ML | Create charts.............
2026-07-07 12:59:42 | INFO | ML | Creating chart: hours studied vs score
2026-07-07 12:59:43 | INFO | ML | Creating chart: model coefficients
2026-07-07 12:59:43 | INFO | ML | Got a figure Figure(1800x1000) and axes Axes(0.125,0.11;0.775x0.77) from plt.subplots().
2026-07-07 12:59:43 | INFO | ML | Summarize workflow........
2026-07-07 12:59:43 | INFO | ML | ========================
2026-07-07 12:59:43 | INFO | ML | SUMMARY
2026-07-07 12:59:43 | INFO | ML | ========================
2026-07-07 12:59:43 | INFO | ML | Dataset: hours_scores_case
2026-07-07 12:59:43 | INFO | ML | Original rows: 10
2026-07-07 12:59:43 | INFO | ML | Clean rows: 10
2026-07-07 12:59:43 | INFO | ML | Features: ['hours_studied', 'practice_quizzes', 'attendance_pct', 'sleep_hours', 'prior_score']
2026-07-07 12:59:43 | INFO | ML | Target: score
2026-07-07 12:59:43 | INFO | ML | ----- in a script, call plt.show() once at the end to display all charts -----
2026-07-07 12:59:43 | INFO | ML | ----- in a script, CLOSE the chart windows with the close button to CONTINUE -----
2026-07-07 12:59:48 | INFO | ML | Workflow complete
2026-07-07 12:59:48 | INFO | ML | IMPORTANT: This script creates chart windows.
2026-07-07 12:59:48 | INFO | ML | Close chart windows and terminate this process with CTRL+c as needed.
2026-07-07 12:59:48 | INFO | ML | ========================
2026-07-07 12:59:48 | INFO | ML | Executed successfully!
2026-07-07 12:59:48 | INFO | ML | ========================
2026-07-07 14:56:02 | INFO | M02 | === RUN START ===
2026-07-07 14:56:02 | INFO | M02 | project=M02
2026-07-07 14:56:02 | INFO | M02 | repo_dir=ml-02-features
2026-07-07 14:56:02 | INFO | M02 | python=3.14.5
2026-07-07 14:56:02 | INFO | M02 | os=Darwin 20.6.0
2026-07-07 14:56:02 | INFO | M02 | shell=zsh
2026-07-07 14:56:02 | INFO | M02 | cwd=notebooks
2026-07-07 14:56:02 | INFO | M02 | github_actions=False
2026-07-07 14:56:02 | INFO | M02 | Confirming installation:
2026-07-07 14:56:02 | INFO | M02 |   python:       3.14.5
2026-07-07 14:56:02 | INFO | M02 |   pandas:       3.0.3
2026-07-07 14:56:02 | INFO | M02 |   numpy:        2.5.1
2026-07-07 14:56:02 | INFO | M02 |   scikit-learn: 1.9.0
2026-07-07 14:56:02 | INFO | M02 |   seaborn:      0.13.2
2026-07-07 14:56:02 | INFO | M02 |   matplotlib:   3.11.0
2026-07-07 14:56:02 | INFO | M02 | Loading dataset: penguins
2026-07-07 14:56:02 | INFO | M02 | Loaded: 344 rows (instances), 7 columns
2026-07-07 14:56:03 | INFO | M02 | The intended target is 'body_mass_g'.
2026-07-07 14:56:03 | INFO | M02 | Any feature derived FROM the target would leak the answer. Avoid those.
2026-07-07 14:56:03 | INFO | M02 | Per-column completeness and type:
2026-07-07 14:56:03 | INFO | M02 |   species              str        present=100.0%  missing=0
2026-07-07 14:56:03 | INFO | M02 |   island               str        present=100.0%  missing=0
2026-07-07 14:56:03 | INFO | M02 |   bill_length_mm       float64    present= 99.4%  missing=2
2026-07-07 14:56:03 | INFO | M02 |   bill_depth_mm        float64    present= 99.4%  missing=2
2026-07-07 14:56:03 | INFO | M02 |   flipper_length_mm    float64    present= 99.4%  missing=2
2026-07-07 14:56:03 | INFO | M02 |   body_mass_g          float64    present= 99.4%  missing=2
2026-07-07 14:56:03 | INFO | M02 |   sex                  str        present= 96.8%  missing=11
2026-07-07 14:56:03 | INFO | M02 | Numeric summary (for spread / outliers):
2026-07-07 14:56:03 | DEBUG | M02 | 
       bill_length_mm  bill_depth_mm  flipper_length_mm  body_mass_g
count      342.000000     342.000000         342.000000   342.000000
mean        43.921930      17.151170         200.915205  4201.754386
std          5.459584       1.974793          14.061714   801.954536
min         32.100000      13.100000         172.000000  2700.000000
25%         39.225000      15.600000         190.000000  3550.000000
50%         44.450000      17.300000         197.000000  4050.000000
75%         48.500000      18.700000         213.000000  4750.000000
max         59.600000      21.500000         231.000000  6300.000000
2026-07-07 14:56:03 | INFO | M02 | Constructing features (vectorized, none are derived from the target)
2026-07-07 14:56:03 | INFO | M02 | Added features: ['bill_ratio', 'flipper_cm', 'size_class']
2026-07-07 14:56:03 | DEBUG | M02 | Sample of constructed features:
2026-07-07 14:56:03 | DEBUG | M02 | 
   flipper_length_mm  bill_ratio  flipper_cm size_class
0              181.0    2.090909        18.1      small
1              186.0    2.270115        18.6      small
2              195.0    2.238889        19.5     medium
3                NaN         NaN         NaN        NaN
4              193.0    1.901554        19.3     medium
2026-07-07 14:56:05 | INFO | M02 | ========================
2026-07-07 14:56:05 | INFO | M02 | SUMMARY
2026-07-07 14:56:05 | INFO | M02 | ========================
2026-07-07 14:56:05 | INFO | M02 | Dataset:          penguins
2026-07-07 14:56:05 | INFO | M02 | Original columns: 7
2026-07-07 14:56:05 | INFO | M02 | After features:   10
2026-07-07 14:56:05 | INFO | M02 | Intended target:  body_mass_g
2026-07-07 14:56:05 | INFO | M02 | ========================
